[2012-10-26 05:04:24] request.ERROR: Symfony\Component\HttpKernel\Exception\NotFoundHttpException: No route found for "GET /" (uncaught exception) at /home/evenvi/Zend/workspaces/DefaultWorkspace/Mylib/vendor/symfony/symfony/src/Symfony/Component/HttpKernel/EventListener/RouterListener.php line 92 [] []
[2012-10-26 07:15:54] request.ERROR: Symfony\Component\HttpKernel\Exception\NotFoundHttpException: No route found for "GET /" (uncaught exception) at /home/evenvi/Zend/workspaces/DefaultWorkspace/Mylib/vendor/symfony/symfony/src/Symfony/Component/HttpKernel/EventListener/RouterListener.php line 92 [] []
[2012-10-26 08:37:53] request.ERROR: Symfony\Component\HttpKernel\Exception\NotFoundHttpException: No route found for "GET /" (uncaught exception) at /home/evenvi/Zend/workspaces/DefaultWorkspace/Mylib/app/cache/prod/classes.php line 5060 [] []
[2012-10-26 08:45:38] request.ERROR: Symfony\Component\HttpKernel\Exception\NotFoundHttpException: No route found for "GET /" (uncaught exception) at /home/evenvi/Zend/workspaces/DefaultWorkspace/Mylib/app/cache/prod/classes.php line 5060 [] []
[2012-10-26 08:45:39] request.ERROR: Symfony\Component\HttpKernel\Exception\NotFoundHttpException: No route found for "GET /" (uncaught exception) at /home/evenvi/Zend/workspaces/DefaultWorkspace/Mylib/app/cache/prod/classes.php line 5060 [] []
[2012-10-26 08:45:39] request.ERROR: Symfony\Component\HttpKernel\Exception\NotFoundHttpException: No route found for "GET /" (uncaught exception) at /home/evenvi/Zend/workspaces/DefaultWorkspace/Mylib/app/cache/prod/classes.php line 5060 [] []
[2012-10-26 08:45:39] request.ERROR: Symfony\Component\HttpKernel\Exception\NotFoundHttpException: No route found for "GET /" (uncaught exception) at /home/evenvi/Zend/workspaces/DefaultWorkspace/Mylib/app/cache/prod/classes.php line 5060 [] []
[2012-10-29 01:53:24] request.ERROR: Symfony\Component\HttpKernel\Exception\NotFoundHttpException: No route found for "GET /" (uncaught exception) at /home/evenvi/Zend/workspaces/DefaultWorkspace/Mylib/app/cache/prod/classes.php line 5060 [] []
[2012-10-29 09:46:03] request.ERROR: Symfony\Component\HttpKernel\Exception\NotFoundHttpException: No route found for "GET /img/glyphicons-halflings.png" (uncaught exception) at /home/evenvi/Zend/workspaces/DefaultWorkspace/Mylib/app/cache/prod/classes.php line 5060 [] []
[2012-10-29 10:01:19] request.ERROR: Symfony\Component\HttpKernel\Exception\NotFoundHttpException: No route found for "GET /img/glyphicons-halflings.png" (uncaught exception) at /home/evenvi/Zend/workspaces/DefaultWorkspace/Mylib/app/cache/prod/classes.php line 5060 [] []
[2012-10-30 02:31:31] request.ERROR: Symfony\Component\HttpKernel\Exception\NotFoundHttpException: No route found for "GET /" (uncaught exception) at /home/evenvi/Zend/workspaces/DefaultWorkspace/Mylib/app/cache/prod/classes.php line 5060 [] []
[2012-10-31 02:02:45] request.ERROR: Symfony\Component\HttpKernel\Exception\NotFoundHttpException: No route found for "GET /" (uncaught exception) at /home/evenvi/Zend/workspaces/DefaultWorkspace/Mylib/app/cache/prod/classes.php line 5060 [] []
[2012-10-31 02:15:18] request.ERROR: Symfony\Component\HttpKernel\Exception\NotFoundHttpException: No route found for "GET /" (uncaught exception) at /home/evenvi/Zend/workspaces/DefaultWorkspace/Mylib/app/cache/prod/classes.php line 5060 [] []
[2012-10-31 03:14:09] request.ERROR: Symfony\Component\HttpKernel\Exception\NotFoundHttpException: No route found for "GET /" (uncaught exception) at /home/evenvi/Zend/workspaces/DefaultWorkspace/Mylib/app/cache/prod/classes.php line 5060 [] []
[2012-10-31 06:36:40] request.ERROR: Symfony\Component\HttpKernel\Exception\NotFoundHttpException: No route found for "GET /" (uncaught exception) at /home/evenvi/Zend/workspaces/DefaultWorkspace/Mylib/app/cache/prod/classes.php line 5060 [] []
[2012-10-31 10:26:05] request.ERROR: Symfony\Component\HttpKernel\Exception\NotFoundHttpException: No route found for "GET /a" (uncaught exception) at /home/evenvi/Zend/workspaces/DefaultWorkspace/Mylib/app/cache/prod/classes.php line 5060 [] []
[2012-10-31 10:27:25] request.ERROR: Symfony\Component\HttpKernel\Exception\NotFoundHttpException: No route found for "GET /a" (uncaught exception) at /home/evenvi/Zend/workspaces/DefaultWorkspace/Mylib/app/cache/prod/classes.php line 5060 [] []
[2012-10-31 10:30:36] request.ERROR: Symfony\Component\HttpKernel\Exception\NotFoundHttpException: No route found for "GET /a" (uncaught exception) at /home/evenvi/Zend/workspaces/DefaultWorkspace/Mylib/app/cache/prod/classes.php line 5060 [] []
[2012-10-31 10:30:39] request.ERROR: Symfony\Component\HttpKernel\Exception\NotFoundHttpException: No route found for "GET /a" (uncaught exception) at /home/evenvi/Zend/workspaces/DefaultWorkspace/Mylib/app/cache/prod/classes.php line 5060 [] []
[2012-10-31 10:46:58] request.ERROR: Symfony\Component\HttpKernel\Exception\NotFoundHttpException: No route found for "GET /a" (uncaught exception) at /home/evenvi/Zend/workspaces/DefaultWorkspace/Mylib/app/cache/prod/classes.php line 5060 [] []
[2012-10-31 10:47:01] request.ERROR: Symfony\Component\HttpKernel\Exception\NotFoundHttpException: No route found for "GET /a" (uncaught exception) at /home/evenvi/Zend/workspaces/DefaultWorkspace/Mylib/app/cache/prod/classes.php line 5060 [] []
[2012-10-31 10:47:04] request.ERROR: Symfony\Component\HttpKernel\Exception\NotFoundHttpException: No route found for "GET /a" (uncaught exception) at /home/evenvi/Zend/workspaces/DefaultWorkspace/Mylib/app/cache/prod/classes.php line 5060 [] []
[2012-10-31 10:47:06] request.ERROR: Symfony\Component\HttpKernel\Exception\NotFoundHttpException: No route found for "GET /a" (uncaught exception) at /home/evenvi/Zend/workspaces/DefaultWorkspace/Mylib/app/cache/prod/classes.php line 5060 [] []
[2012-11-01 02:14:07] request.ERROR: Symfony\Component\HttpKernel\Exception\NotFoundHttpException: No route found for "GET /" (uncaught exception) at /home/evenvi/Zend/workspaces/DefaultWorkspace/Mylib/app/cache/prod/classes.php line 5060 [] []
[2012-11-01 02:14:13] request.ERROR: Symfony\Component\HttpKernel\Exception\NotFoundHttpException: No route found for "GET /a" (uncaught exception) at /home/evenvi/Zend/workspaces/DefaultWorkspace/Mylib/app/cache/prod/classes.php line 5060 [] []
[2012-11-01 02:36:46] request.ERROR: Symfony\Component\HttpKernel\Exception\NotFoundHttpException: No route found for "GET /a" (uncaught exception) at /home/evenvi/Zend/workspaces/DefaultWorkspace/Mylib/app/cache/prod/classes.php line 5060 [] []
[2012-11-01 02:39:50] request.ERROR: Symfony\Component\HttpKernel\Exception\NotFoundHttpException: No route found for "GET /a" (uncaught exception) at /home/evenvi/Zend/workspaces/DefaultWorkspace/Mylib/app/cache/prod/classes.php line 5060 [] []
[2012-11-01 02:46:41] request.ERROR: Symfony\Component\HttpKernel\Exception\NotFoundHttpException: No route found for "GET /a" (uncaught exception) at /home/evenvi/Zend/workspaces/DefaultWorkspace/Mylib/app/cache/prod/classes.php line 5060 [] []
[2012-11-01 03:01:22] request.ERROR: Symfony\Component\HttpKernel\Exception\NotFoundHttpException: No route found for "GET /a" (uncaught exception) at /home/evenvi/Zend/workspaces/DefaultWorkspace/Mylib/app/cache/prod/classes.php line 5060 [] []
[2012-11-01 03:17:44] request.ERROR: Symfony\Component\HttpKernel\Exception\NotFoundHttpException: No route found for "GET /a" (uncaught exception) at /home/evenvi/Zend/workspaces/DefaultWorkspace/Mylib/app/cache/prod/classes.php line 5060 [] []
[2012-11-01 06:25:14] request.ERROR: Symfony\Component\HttpKernel\Exception\NotFoundHttpException: No route found for "GET /a" (uncaught exception) at /home/evenvi/Zend/workspaces/DefaultWorkspace/Mylib/app/cache/prod/classes.php line 5060 [] []
[2012-11-01 06:37:54] request.ERROR: Symfony\Component\HttpKernel\Exception\NotFoundHttpException: No route found for "GET /a" (uncaught exception) at /home/evenvi/Zend/workspaces/DefaultWorkspace/Mylib/app/cache/prod/classes.php line 5060 [] []
[2012-11-01 07:06:39] request.ERROR: Symfony\Component\HttpKernel\Exception\NotFoundHttpException: No route found for "GET /a" (uncaught exception) at /home/evenvi/Zend/workspaces/DefaultWorkspace/Mylib/app/cache/prod/classes.php line 5060 [] []
[2012-11-01 07:45:14] request.ERROR: Symfony\Component\HttpKernel\Exception\NotFoundHttpException: No route found for "GET /a" (uncaught exception) at /home/evenvi/Zend/workspaces/DefaultWorkspace/Mylib/app/cache/prod/classes.php line 5060 [] []
[2012-11-01 07:46:09] request.ERROR: Symfony\Component\HttpKernel\Exception\NotFoundHttpException: No route found for "GET /a" (uncaught exception) at /home/evenvi/Zend/workspaces/DefaultWorkspace/Mylib/app/cache/prod/classes.php line 5060 [] []
[2012-11-01 08:05:01] request.ERROR: Symfony\Component\HttpKernel\Exception\NotFoundHttpException: No route found for "GET /a" (uncaught exception) at /home/evenvi/Zend/workspaces/DefaultWorkspace/Mylib/app/cache/prod/classes.php line 5060 [] []
[2012-11-01 08:05:23] request.ERROR: Symfony\Component\HttpKernel\Exception\NotFoundHttpException: No route found for "GET /a" (uncaught exception) at /home/evenvi/Zend/workspaces/DefaultWorkspace/Mylib/app/cache/prod/classes.php line 5060 [] []
[2012-11-01 08:17:36] request.ERROR: Symfony\Component\HttpKernel\Exception\NotFoundHttpException: No route found for "GET /a" (uncaught exception) at /home/evenvi/Zend/workspaces/DefaultWorkspace/Mylib/app/cache/prod/classes.php line 5060 [] []
[2012-11-01 08:17:39] request.ERROR: Symfony\Component\HttpKernel\Exception\NotFoundHttpException: No route found for "GET /a" (uncaught exception) at /home/evenvi/Zend/workspaces/DefaultWorkspace/Mylib/app/cache/prod/classes.php line 5060 [] []
[2012-11-01 08:18:57] request.ERROR: Symfony\Component\HttpKernel\Exception\NotFoundHttpException: No route found for "GET /a" (uncaught exception) at /home/evenvi/Zend/workspaces/DefaultWorkspace/Mylib/app/cache/prod/classes.php line 5060 [] []
[2012-11-01 08:19:06] request.ERROR: Symfony\Component\HttpKernel\Exception\NotFoundHttpException: No route found for "GET /a" (uncaught exception) at /home/evenvi/Zend/workspaces/DefaultWorkspace/Mylib/app/cache/prod/classes.php line 5060 [] []
[2012-11-01 08:19:32] request.ERROR: Symfony\Component\HttpKernel\Exception\NotFoundHttpException: No route found for "GET /a" (uncaught exception) at /home/evenvi/Zend/workspaces/DefaultWorkspace/Mylib/app/cache/prod/classes.php line 5060 [] []
[2012-11-01 08:19:33] request.ERROR: Symfony\Component\HttpKernel\Exception\NotFoundHttpException: No route found for "GET /a" (uncaught exception) at /home/evenvi/Zend/workspaces/DefaultWorkspace/Mylib/app/cache/prod/classes.php line 5060 [] []
[2012-11-01 08:19:57] request.ERROR: Symfony\Component\HttpKernel\Exception\NotFoundHttpException: No route found for "GET /a" (uncaught exception) at /home/evenvi/Zend/workspaces/DefaultWorkspace/Mylib/app/cache/prod/classes.php line 5060 [] []
[2012-11-01 08:19:59] request.ERROR: Symfony\Component\HttpKernel\Exception\NotFoundHttpException: No route found for "GET /a" (uncaught exception) at /home/evenvi/Zend/workspaces/DefaultWorkspace/Mylib/app/cache/prod/classes.php line 5060 [] []
[2012-11-01 08:20:22] request.ERROR: Symfony\Component\HttpKernel\Exception\NotFoundHttpException: No route found for "GET /a" (uncaught exception) at /home/evenvi/Zend/workspaces/DefaultWorkspace/Mylib/app/cache/prod/classes.php line 5060 [] []
[2012-11-01 08:20:34] request.ERROR: Symfony\Component\HttpKernel\Exception\NotFoundHttpException: No route found for "GET /a" (uncaught exception) at /home/evenvi/Zend/workspaces/DefaultWorkspace/Mylib/app/cache/prod/classes.php line 5060 [] []
[2012-11-01 08:20:35] request.ERROR: Symfony\Component\HttpKernel\Exception\NotFoundHttpException: No route found for "GET /a" (uncaught exception) at /home/evenvi/Zend/workspaces/DefaultWorkspace/Mylib/app/cache/prod/classes.php line 5060 [] []
[2012-11-01 08:21:08] request.ERROR: Symfony\Component\HttpKernel\Exception\NotFoundHttpException: No route found for "GET /a" (uncaught exception) at /home/evenvi/Zend/workspaces/DefaultWorkspace/Mylib/app/cache/prod/classes.php line 5060 [] []
[2012-11-01 08:21:14] request.ERROR: Symfony\Component\HttpKernel\Exception\NotFoundHttpException: No route found for "GET /a" (uncaught exception) at /home/evenvi/Zend/workspaces/DefaultWorkspace/Mylib/app/cache/prod/classes.php line 5060 [] []
[2012-11-01 08:22:41] request.ERROR: Symfony\Component\HttpKernel\Exception\NotFoundHttpException: No route found for "GET /a" (uncaught exception) at /home/evenvi/Zend/workspaces/DefaultWorkspace/Mylib/app/cache/prod/classes.php line 5060 [] []
[2012-11-01 08:30:33] request.ERROR: Symfony\Component\HttpKernel\Exception\NotFoundHttpException: No route found for "GET /a" (uncaught exception) at /home/evenvi/Zend/workspaces/DefaultWorkspace/Mylib/app/cache/prod/classes.php line 5060 [] []
[2012-11-01 08:30:35] request.ERROR: Symfony\Component\HttpKernel\Exception\NotFoundHttpException: No route found for "GET /a" (uncaught exception) at /home/evenvi/Zend/workspaces/DefaultWorkspace/Mylib/app/cache/prod/classes.php line 5060 [] []
[2012-11-01 08:33:51] request.ERROR: Symfony\Component\HttpKernel\Exception\NotFoundHttpException: No route found for "GET /a" (uncaught exception) at /home/evenvi/Zend/workspaces/DefaultWorkspace/Mylib/app/cache/prod/classes.php line 5060 [] []
[2012-11-01 08:33:53] request.ERROR: Symfony\Component\HttpKernel\Exception\NotFoundHttpException: No route found for "GET /a" (uncaught exception) at /home/evenvi/Zend/workspaces/DefaultWorkspace/Mylib/app/cache/prod/classes.php line 5060 [] []
[2012-11-01 08:35:44] request.ERROR: Symfony\Component\HttpKernel\Exception\NotFoundHttpException: No route found for "GET /a" (uncaught exception) at /home/evenvi/Zend/workspaces/DefaultWorkspace/Mylib/app/cache/prod/classes.php line 5060 [] []
[2012-11-01 08:38:42] request.ERROR: Symfony\Component\HttpKernel\Exception\NotFoundHttpException: No route found for "GET /a" (uncaught exception) at /home/evenvi/Zend/workspaces/DefaultWorkspace/Mylib/app/cache/prod/classes.php line 5060 [] []
[2012-11-01 08:39:13] request.ERROR: Symfony\Component\HttpKernel\Exception\NotFoundHttpException: No route found for "GET /a" (uncaught exception) at /home/evenvi/Zend/workspaces/DefaultWorkspace/Mylib/app/cache/prod/classes.php line 5060 [] []
[2012-11-01 08:40:00] request.ERROR: Symfony\Component\HttpKernel\Exception\NotFoundHttpException: No route found for "GET /a" (uncaught exception) at /home/evenvi/Zend/workspaces/DefaultWorkspace/Mylib/app/cache/prod/classes.php line 5060 [] []
[2012-11-01 08:41:52] request.ERROR: Symfony\Component\HttpKernel\Exception\NotFoundHttpException: No route found for "GET /a" (uncaught exception) at /home/evenvi/Zend/workspaces/DefaultWorkspace/Mylib/app/cache/prod/classes.php line 5060 [] []
[2012-11-01 08:42:18] request.ERROR: Symfony\Component\HttpKernel\Exception\NotFoundHttpException: No route found for "GET /a" (uncaught exception) at /home/evenvi/Zend/workspaces/DefaultWorkspace/Mylib/app/cache/prod/classes.php line 5060 [] []
[2012-11-01 08:42:41] request.ERROR: Symfony\Component\HttpKernel\Exception\NotFoundHttpException: No route found for "GET /a" (uncaught exception) at /home/evenvi/Zend/workspaces/DefaultWorkspace/Mylib/app/cache/prod/classes.php line 5060 [] []
[2012-11-01 08:44:04] request.ERROR: Symfony\Component\HttpKernel\Exception\NotFoundHttpException: No route found for "GET /a" (uncaught exception) at /home/evenvi/Zend/workspaces/DefaultWorkspace/Mylib/app/cache/prod/classes.php line 5060 [] []
[2012-11-01 08:46:24] request.ERROR: Symfony\Component\HttpKernel\Exception\NotFoundHttpException: No route found for "GET /a" (uncaught exception) at /home/evenvi/Zend/workspaces/DefaultWorkspace/Mylib/app/cache/prod/classes.php line 5060 [] []
[2012-11-01 08:48:05] request.ERROR: Symfony\Component\HttpKernel\Exception\NotFoundHttpException: No route found for "GET /a" (uncaught exception) at /home/evenvi/Zend/workspaces/DefaultWorkspace/Mylib/app/cache/prod/classes.php line 5060 [] []
[2012-11-01 08:48:57] request.ERROR: Symfony\Component\HttpKernel\Exception\NotFoundHttpException: No route found for "GET /a" (uncaught exception) at /home/evenvi/Zend/workspaces/DefaultWorkspace/Mylib/app/cache/prod/classes.php line 5060 [] []
[2012-11-01 08:49:09] request.ERROR: Symfony\Component\HttpKernel\Exception\NotFoundHttpException: No route found for "GET /a" (uncaught exception) at /home/evenvi/Zend/workspaces/DefaultWorkspace/Mylib/app/cache/prod/classes.php line 5060 [] []
[2012-11-01 08:49:20] request.ERROR: Symfony\Component\HttpKernel\Exception\NotFoundHttpException: No route found for "GET /a" (uncaught exception) at /home/evenvi/Zend/workspaces/DefaultWorkspace/Mylib/app/cache/prod/classes.php line 5060 [] []
[2012-11-01 09:15:05] request.ERROR: Symfony\Component\HttpKernel\Exception\NotFoundHttpException: No route found for "GET /a" (uncaught exception) at /home/evenvi/Zend/workspaces/DefaultWorkspace/Mylib/app/cache/prod/classes.php line 5060 [] []
[2012-11-01 09:18:42] request.ERROR: Symfony\Component\HttpKernel\Exception\NotFoundHttpException: No route found for "GET /a" (uncaught exception) at /home/evenvi/Zend/workspaces/DefaultWorkspace/Mylib/app/cache/prod/classes.php line 5060 [] []
[2012-11-01 09:48:53] request.ERROR: Symfony\Component\HttpKernel\Exception\NotFoundHttpException: No route found for "GET /a" (uncaught exception) at /home/evenvi/Zend/workspaces/DefaultWorkspace/Mylib/app/cache/prod/classes.php line 5060 [] []
[2012-11-01 10:46:29] request.ERROR: Symfony\Component\HttpKernel\Exception\NotFoundHttpException: No route found for "GET /a" (uncaught exception) at /home/evenvi/Zend/workspaces/DefaultWorkspace/Mylib/app/cache/prod/classes.php line 5060 [] []
[2012-11-02 01:54:36] request.ERROR: Symfony\Component\HttpKernel\Exception\NotFoundHttpException: No route found for "GET /" (uncaught exception) at /home/evenvi/Zend/workspaces/DefaultWorkspace/Mylib/app/cache/prod/classes.php line 5060 [] []
[2012-11-02 01:54:43] request.ERROR: Symfony\Component\HttpKernel\Exception\NotFoundHttpException: No route found for "GET /a" (uncaught exception) at /home/evenvi/Zend/workspaces/DefaultWorkspace/Mylib/app/cache/prod/classes.php line 5060 [] []
[2012-11-02 02:12:13] request.ERROR: Symfony\Component\HttpKernel\Exception\NotFoundHttpException: No route found for "GET /a" (uncaught exception) at /home/evenvi/Zend/workspaces/DefaultWorkspace/Mylib/app/cache/prod/classes.php line 5060 [] []
[2012-11-02 02:30:29] request.ERROR: Symfony\Component\HttpKernel\Exception\NotFoundHttpException: No route found for "GET /a" (uncaught exception) at /home/evenvi/Zend/workspaces/DefaultWorkspace/Mylib/app/cache/prod/classes.php line 5060 [] []
[2012-11-02 02:35:55] request.ERROR: Symfony\Component\HttpKernel\Exception\NotFoundHttpException: No route found for "GET /a" (uncaught exception) at /home/evenvi/Zend/workspaces/DefaultWorkspace/Mylib/app/cache/prod/classes.php line 5060 [] []
[2012-11-02 02:45:17] request.ERROR: Symfony\Component\HttpKernel\Exception\NotFoundHttpException: No route found for "GET /" (uncaught exception) at /home/evenvi/Zend/workspaces/DefaultWorkspace/Mylib/app/cache/prod/classes.php line 5060 [] []
[2012-11-02 02:45:21] request.ERROR: Symfony\Component\HttpKernel\Exception\NotFoundHttpException: No route found for "GET /a" (uncaught exception) at /home/evenvi/Zend/workspaces/DefaultWorkspace/Mylib/app/cache/prod/classes.php line 5060 [] []
[2012-11-02 02:59:22] request.ERROR: Symfony\Component\HttpKernel\Exception\NotFoundHttpException: No route found for "GET /a" (uncaught exception) at /home/evenvi/Zend/workspaces/DefaultWorkspace/Mylib/app/cache/prod/classes.php line 5060 [] []
[2012-11-02 04:03:41] request.ERROR: Symfony\Component\HttpKernel\Exception\NotFoundHttpException: No route found for "GET /a" (uncaught exception) at /home/evenvi/Zend/workspaces/DefaultWorkspace/Mylib/app/cache/prod/classes.php line 5060 [] []
[2012-11-02 04:03:53] request.ERROR: Symfony\Component\HttpKernel\Exception\NotFoundHttpException: No route found for "GET /a" (uncaught exception) at /home/evenvi/Zend/workspaces/DefaultWorkspace/Mylib/app/cache/prod/classes.php line 5060 [] []
[2012-11-02 04:13:25] request.ERROR: Symfony\Component\HttpKernel\Exception\NotFoundHttpException: No route found for "GET /a" (uncaught exception) at /home/evenvi/Zend/workspaces/DefaultWorkspace/Mylib/app/cache/prod/classes.php line 5060 [] []
[2012-11-02 04:13:28] request.ERROR: Symfony\Component\HttpKernel\Exception\NotFoundHttpException: No route found for "GET /a" (uncaught exception) at /home/evenvi/Zend/workspaces/DefaultWorkspace/Mylib/app/cache/prod/classes.php line 5060 [] []
[2012-11-02 04:22:06] request.ERROR: Symfony\Component\HttpKernel\Exception\NotFoundHttpException: No route found for "GET /a" (uncaught exception) at /home/evenvi/Zend/workspaces/DefaultWorkspace/Mylib/app/cache/prod/classes.php line 5060 [] []
[2012-11-02 04:26:08] request.ERROR: Symfony\Component\HttpKernel\Exception\NotFoundHttpException: No route found for "GET /a" (uncaught exception) at /home/evenvi/Zend/workspaces/DefaultWorkspace/Mylib/app/cache/prod/classes.php line 5060 [] []
[2012-11-02 04:38:08] request.ERROR: Symfony\Component\HttpKernel\Exception\NotFoundHttpException: No route found for "GET /a" (uncaught exception) at /home/evenvi/Zend/workspaces/DefaultWorkspace/Mylib/app/cache/prod/classes.php line 5060 [] []
[2012-11-02 04:54:14] request.ERROR: Symfony\Component\HttpKernel\Exception\NotFoundHttpException: No route found for "GET /a" (uncaught exception) at /home/evenvi/Zend/workspaces/DefaultWorkspace/Mylib/app/cache/prod/classes.php line 5060 [] []
[2012-11-02 04:58:06] request.ERROR: Symfony\Component\HttpKernel\Exception\NotFoundHttpException: No route found for "GET /a" (uncaught exception) at /home/evenvi/Zend/workspaces/DefaultWorkspace/Mylib/app/cache/prod/classes.php line 5060 [] []
[2012-11-02 05:39:43] request.ERROR: Symfony\Component\HttpKernel\Exception\NotFoundHttpException: No route found for "GET /a" (uncaught exception) at /home/evenvi/Zend/workspaces/DefaultWorkspace/Mylib/app/cache/prod/classes.php line 5060 [] []
[2012-11-02 07:16:38] request.ERROR: Symfony\Component\HttpKernel\Exception\NotFoundHttpException: No route found for "GET /a" (uncaught exception) at /home/evenvi/Zend/workspaces/DefaultWorkspace/Mylib/app/cache/prod/classes.php line 5060 [] []
[2012-11-02 07:17:12] request.ERROR: Symfony\Component\HttpKernel\Exception\NotFoundHttpException: No route found for "GET /" (uncaught exception) at /home/evenvi/Zend/workspaces/DefaultWorkspace/Mylib/app/cache/prod/classes.php line 5060 [] []
[2012-11-02 07:17:15] request.ERROR: Symfony\Component\HttpKernel\Exception\NotFoundHttpException: No route found for "GET /a" (uncaught exception) at /home/evenvi/Zend/workspaces/DefaultWorkspace/Mylib/app/cache/prod/classes.php line 5060 [] []
[2012-11-02 07:18:20] request.ERROR: Symfony\Component\HttpKernel\Exception\NotFoundHttpException: No route found for "GET /a" (uncaught exception) at /home/evenvi/Zend/workspaces/DefaultWorkspace/Mylib/app/cache/prod/classes.php line 5060 [] []
[2012-11-02 07:19:18] request.ERROR: Symfony\Component\HttpKernel\Exception\NotFoundHttpException: No route found for "GET /login" (uncaught exception) at /home/evenvi/Zend/workspaces/DefaultWorkspace/Mylib/app/cache/prod/classes.php line 5060 [] []
[2012-11-02 07:19:21] request.ERROR: Symfony\Component\HttpKernel\Exception\NotFoundHttpException: No route found for "GET /" (uncaught exception) at /home/evenvi/Zend/workspaces/DefaultWorkspace/Mylib/app/cache/prod/classes.php line 5060 [] []
[2012-11-02 07:19:27] request.ERROR: Symfony\Component\HttpKernel\Exception\NotFoundHttpException: No route found for "GET /login" (uncaught exception) at /home/evenvi/Zend/workspaces/DefaultWorkspace/Mylib/app/cache/prod/classes.php line 5060 [] []
[2012-11-02 07:19:47] request.ERROR: Symfony\Component\HttpKernel\Exception\NotFoundHttpException: No route found for "GET /a" (uncaught exception) at /home/evenvi/Zend/workspaces/DefaultWorkspace/Mylib/app/cache/prod/classes.php line 5060 [] []
[2012-11-02 07:23:32] request.ERROR: Symfony\Component\HttpKernel\Exception\NotFoundHttpException: No route found for "GET /a" (uncaught exception) at /home/evenvi/Zend/workspaces/DefaultWorkspace/Mylib/app/cache/prod/classes.php line 5060 [] []
[2012-11-02 07:23:38] request.ERROR: Symfony\Component\HttpKernel\Exception\NotFoundHttpException: No route found for "GET /a" (uncaught exception) at /home/evenvi/Zend/workspaces/DefaultWorkspace/Mylib/app/cache/prod/classes.php line 5060 [] []
[2012-11-02 07:27:05] request.ERROR: Symfony\Component\HttpKernel\Exception\NotFoundHttpException: No route found for "GET /a" (uncaught exception) at /home/evenvi/Zend/workspaces/DefaultWorkspace/Mylib/app/cache/prod/classes.php line 5060 [] []
[2012-11-02 07:27:23] request.ERROR: Symfony\Component\HttpKernel\Exception\NotFoundHttpException: No route found for "GET /" (uncaught exception) at /home/evenvi/Zend/workspaces/DefaultWorkspace/Mylib/app/cache/prod/classes.php line 5060 [] []
[2012-11-02 07:27:26] request.ERROR: Symfony\Component\HttpKernel\Exception\NotFoundHttpException: No route found for "GET /a" (uncaught exception) at /home/evenvi/Zend/workspaces/DefaultWorkspace/Mylib/app/cache/prod/classes.php line 5060 [] []
[2012-11-02 07:27:26] request.ERROR: Symfony\Component\HttpKernel\Exception\NotFoundHttpException: No route found for "GET /a" (uncaught exception) at /home/evenvi/Zend/workspaces/DefaultWorkspace/Mylib/app/cache/prod/classes.php line 5060 [] []
[2012-11-02 07:27:42] request.ERROR: Symfony\Component\HttpKernel\Exception\NotFoundHttpException: No route found for "GET /a" (uncaught exception) at /home/evenvi/Zend/workspaces/DefaultWorkspace/Mylib/app/cache/prod/classes.php line 5060 [] []
[2012-11-02 07:29:28] request.ERROR: Symfony\Component\HttpKernel\Exception\NotFoundHttpException: No route found for "GET /a" (uncaught exception) at /home/evenvi/Zend/workspaces/DefaultWorkspace/Mylib/app/cache/prod/classes.php line 5060 [] []
[2012-11-02 07:29:29] request.ERROR: Symfony\Component\HttpKernel\Exception\NotFoundHttpException: No route found for "GET /a" (uncaught exception) at /home/evenvi/Zend/workspaces/DefaultWorkspace/Mylib/app/cache/prod/classes.php line 5060 [] []
[2012-11-02 07:29:33] request.ERROR: Symfony\Component\HttpKernel\Exception\NotFoundHttpException: No route found for "GET /a" (uncaught exception) at /home/evenvi/Zend/workspaces/DefaultWorkspace/Mylib/app/cache/prod/classes.php line 5060 [] []
[2012-11-02 07:29:33] request.ERROR: Symfony\Component\HttpKernel\Exception\NotFoundHttpException: No route found for "GET /a" (uncaught exception) at /home/evenvi/Zend/workspaces/DefaultWorkspace/Mylib/app/cache/prod/classes.php line 5060 [] []
[2012-11-02 09:19:23] request.ERROR: Symfony\Component\HttpKernel\Exception\NotFoundHttpException: No route found for "GET /a" (uncaught exception) at /home/evenvi/Zend/workspaces/DefaultWorkspace/Mylib/app/cache/prod/classes.php line 5060 [] []
[2012-11-02 09:19:27] request.ERROR: Symfony\Component\HttpKernel\Exception\NotFoundHttpException: No route found for "GET /a" (uncaught exception) at /home/evenvi/Zend/workspaces/DefaultWorkspace/Mylib/app/cache/prod/classes.php line 5060 [] []
[2012-11-02 09:26:25] request.ERROR: Symfony\Component\HttpKernel\Exception\NotFoundHttpException: No route found for "GET /a" (uncaught exception) at /home/evenvi/Zend/workspaces/DefaultWorkspace/Mylib/app/cache/prod/classes.php line 5060 [] []
[2012-11-02 09:29:39] request.ERROR: Symfony\Component\HttpKernel\Exception\NotFoundHttpException: No route found for "GET /a" (uncaught exception) at /home/evenvi/Zend/workspaces/DefaultWorkspace/Mylib/app/cache/prod/classes.php line 5060 [] []
[2012-11-02 09:43:34] request.ERROR: Symfony\Component\HttpKernel\Exception\NotFoundHttpException: No route found for "GET /a" (uncaught exception) at /home/evenvi/Zend/workspaces/DefaultWorkspace/Mylib/app/cache/prod/classes.php line 5060 [] []
[2012-11-02 09:46:18] request.ERROR: Symfony\Component\HttpKernel\Exception\NotFoundHttpException: No route found for "GET /a" (uncaught exception) at /home/evenvi/Zend/workspaces/DefaultWorkspace/Mylib/app/cache/prod/classes.php line 5060 [] []
[2012-11-02 09:47:13] request.ERROR: Symfony\Component\HttpKernel\Exception\NotFoundHttpException: No route found for "GET /a" (uncaught exception) at /home/evenvi/Zend/workspaces/DefaultWorkspace/Mylib/app/cache/prod/classes.php line 5060 [] []
[2012-11-02 09:54:06] request.ERROR: Symfony\Component\HttpKernel\Exception\NotFoundHttpException: No route found for "GET /a" (uncaught exception) at /home/evenvi/Zend/workspaces/DefaultWorkspace/Mylib/app/cache/prod/classes.php line 5060 [] []
[2012-11-02 09:54:11] request.ERROR: Symfony\Component\HttpKernel\Exception\NotFoundHttpException: No route found for "GET /a" (uncaught exception) at /home/evenvi/Zend/workspaces/DefaultWorkspace/Mylib/app/cache/prod/classes.php line 5060 [] []
[2012-11-02 09:54:11] request.ERROR: Symfony\Component\HttpKernel\Exception\NotFoundHttpException: No route found for "GET /a" (uncaught exception) at /home/evenvi/Zend/workspaces/DefaultWorkspace/Mylib/app/cache/prod/classes.php line 5060 [] []
[2012-11-02 09:55:04] request.ERROR: Symfony\Component\HttpKernel\Exception\NotFoundHttpException: No route found for "GET /a" (uncaught exception) at /home/evenvi/Zend/workspaces/DefaultWorkspace/Mylib/app/cache/prod/classes.php line 5060 [] []
[2012-11-02 09:55:12] request.ERROR: Symfony\Component\HttpKernel\Exception\NotFoundHttpException: No route found for "GET /a" (uncaught exception) at /home/evenvi/Zend/workspaces/DefaultWorkspace/Mylib/app/cache/prod/classes.php line 5060 [] []
[2012-11-02 09:55:12] request.ERROR: Symfony\Component\HttpKernel\Exception\NotFoundHttpException: No route found for "GET /a" (uncaught exception) at /home/evenvi/Zend/workspaces/DefaultWorkspace/Mylib/app/cache/prod/classes.php line 5060 [] []
[2012-11-02 09:57:34] request.ERROR: Symfony\Component\HttpKernel\Exception\NotFoundHttpException: No route found for "GET /a" (uncaught exception) at /home/evenvi/Zend/workspaces/DefaultWorkspace/Mylib/app/cache/prod/classes.php line 5060 [] []
[2012-11-02 09:57:53] request.ERROR: Symfony\Component\HttpKernel\Exception\NotFoundHttpException: No route found for "GET /a" (uncaught exception) at /home/evenvi/Zend/workspaces/DefaultWorkspace/Mylib/app/cache/prod/classes.php line 5060 [] []
[2012-11-02 09:58:58] request.ERROR: Symfony\Component\HttpKernel\Exception\NotFoundHttpException: No route found for "GET /a" (uncaught exception) at /home/evenvi/Zend/workspaces/DefaultWorkspace/Mylib/app/cache/prod/classes.php line 5060 [] []
[2012-11-02 09:58:58] request.ERROR: Symfony\Component\HttpKernel\Exception\NotFoundHttpException: No route found for "GET /a" (uncaught exception) at /home/evenvi/Zend/workspaces/DefaultWorkspace/Mylib/app/cache/prod/classes.php line 5060 [] []
[2012-11-02 10:31:01] request.ERROR: Symfony\Component\HttpKernel\Exception\NotFoundHttpException: No route found for "GET /a" (uncaught exception) at /home/evenvi/Zend/workspaces/DefaultWorkspace/Mylib/app/cache/prod/classes.php line 5060 [] []
[2012-11-02 10:31:36] request.ERROR: Symfony\Component\HttpKernel\Exception\NotFoundHttpException: No route found for "GET /a" (uncaught exception) at /home/evenvi/Zend/workspaces/DefaultWorkspace/Mylib/app/cache/prod/classes.php line 5060 [] []
[2012-11-02 10:31:44] request.ERROR: Symfony\Component\HttpKernel\Exception\NotFoundHttpException: No route found for "GET /a" (uncaught exception) at /home/evenvi/Zend/workspaces/DefaultWorkspace/Mylib/app/cache/prod/classes.php line 5060 [] []
[2012-11-02 11:01:41] request.ERROR: Symfony\Component\HttpKernel\Exception\NotFoundHttpException: No route found for "GET /a" (uncaught exception) at /home/evenvi/Zend/workspaces/DefaultWorkspace/Mylib/app/cache/prod/classes.php line 5060 [] []
[2012-11-02 11:02:16] request.ERROR: Symfony\Component\HttpKernel\Exception\NotFoundHttpException: No route found for "GET /a" (uncaught exception) at /home/evenvi/Zend/workspaces/DefaultWorkspace/Mylib/app/cache/prod/classes.php line 5060 [] []
[2012-11-05 01:55:43] request.ERROR: Symfony\Component\HttpKernel\Exception\NotFoundHttpException: No route found for "GET /" (uncaught exception) at /home/evenvi/Zend/workspaces/DefaultWorkspace/Mylib/app/cache/prod/classes.php line 5060 [] []
[2012-11-05 01:55:51] request.ERROR: Symfony\Component\HttpKernel\Exception\NotFoundHttpException: No route found for "GET /a" (uncaught exception) at /home/evenvi/Zend/workspaces/DefaultWorkspace/Mylib/app/cache/prod/classes.php line 5060 [] []
[2012-11-05 04:26:29] request.ERROR: Symfony\Component\HttpKernel\Exception\NotFoundHttpException: No route found for "GET /a" (uncaught exception) at /home/evenvi/Zend/workspaces/DefaultWorkspace/Mylib/app/cache/prod/classes.php line 5060 [] []
[2012-11-05 04:26:29] request.ERROR: Symfony\Component\HttpKernel\Exception\NotFoundHttpException: No route found for "GET /a" (uncaught exception) at /home/evenvi/Zend/workspaces/DefaultWorkspace/Mylib/app/cache/prod/classes.php line 5060 [] []
[2012-11-05 04:43:34] request.ERROR: Symfony\Component\HttpKernel\Exception\NotFoundHttpException: No route found for "GET /a" (uncaught exception) at /home/evenvi/Zend/workspaces/DefaultWorkspace/Mylib/app/cache/prod/classes.php line 5060 [] []
[2012-11-05 06:30:55] request.ERROR: Symfony\Component\HttpKernel\Exception\NotFoundHttpException: No route found for "GET /a" (uncaught exception) at /home/evenvi/Zend/workspaces/DefaultWorkspace/Mylib/app/cache/prod/classes.php line 5060 [] []
[2012-11-05 06:30:56] request.ERROR: Symfony\Component\HttpKernel\Exception\NotFoundHttpException: No route found for "GET /a" (uncaught exception) at /home/evenvi/Zend/workspaces/DefaultWorkspace/Mylib/app/cache/prod/classes.php line 5060 [] []
[2012-11-05 07:29:50] request.ERROR: Symfony\Component\HttpKernel\Exception\NotFoundHttpException: No route found for "GET /a" (uncaught exception) at /home/evenvi/Zend/workspaces/DefaultWorkspace/Mylib/app/cache/prod/classes.php line 5060 [] []
[2012-11-05 07:29:55] request.ERROR: Symfony\Component\HttpKernel\Exception\NotFoundHttpException: No route found for "GET /a" (uncaught exception) at /home/evenvi/Zend/workspaces/DefaultWorkspace/Mylib/app/cache/prod/classes.php line 5060 [] []
[2012-11-05 08:46:28] request.ERROR: Symfony\Component\HttpKernel\Exception\NotFoundHttpException: No route found for "GET /a" (uncaught exception) at /home/evenvi/Zend/workspaces/DefaultWorkspace/Mylib/app/cache/prod/classes.php line 5060 [] []
[2012-11-05 08:46:38] request.ERROR: Symfony\Component\HttpKernel\Exception\NotFoundHttpException: No route found for "GET /a" (uncaught exception) at /home/evenvi/Zend/workspaces/DefaultWorkspace/Mylib/app/cache/prod/classes.php line 5060 [] []
[2012-11-05 08:46:39] request.ERROR: Symfony\Component\HttpKernel\Exception\NotFoundHttpException: No route found for "GET /a" (uncaught exception) at /home/evenvi/Zend/workspaces/DefaultWorkspace/Mylib/app/cache/prod/classes.php line 5060 [] []
[2012-11-05 08:46:47] request.ERROR: Symfony\Component\HttpKernel\Exception\NotFoundHttpException: No route found for "GET /a" (uncaught exception) at /home/evenvi/Zend/workspaces/DefaultWorkspace/Mylib/app/cache/prod/classes.php line 5060 [] []
[2012-11-05 08:47:04] request.ERROR: Symfony\Component\HttpKernel\Exception\NotFoundHttpException: No route found for "GET /a" (uncaught exception) at /home/evenvi/Zend/workspaces/DefaultWorkspace/Mylib/app/cache/prod/classes.php line 5060 [] []
[2012-11-05 08:47:05] request.ERROR: Symfony\Component\HttpKernel\Exception\NotFoundHttpException: No route found for "GET /a" (uncaught exception) at /home/evenvi/Zend/workspaces/DefaultWorkspace/Mylib/app/cache/prod/classes.php line 5060 [] []
[2012-11-05 08:48:03] request.ERROR: Symfony\Component\HttpKernel\Exception\NotFoundHttpException: No route found for "GET /a" (uncaught exception) at /home/evenvi/Zend/workspaces/DefaultWorkspace/Mylib/app/cache/prod/classes.php line 5060 [] []
[2012-11-05 08:48:43] request.ERROR: Symfony\Component\HttpKernel\Exception\NotFoundHttpException: No route found for "GET /a" (uncaught exception) at /home/evenvi/Zend/workspaces/DefaultWorkspace/Mylib/app/cache/prod/classes.php line 5060 [] []
[2012-11-05 08:48:44] request.ERROR: Symfony\Component\HttpKernel\Exception\NotFoundHttpException: No route found for "GET /a" (uncaught exception) at /home/evenvi/Zend/workspaces/DefaultWorkspace/Mylib/app/cache/prod/classes.php line 5060 [] []
[2012-11-05 09:09:28] request.ERROR: Symfony\Component\HttpKernel\Exception\NotFoundHttpException: No route found for "GET /a" (uncaught exception) at /home/evenvi/Zend/workspaces/DefaultWorkspace/Mylib/app/cache/prod/classes.php line 5060 [] []
[2012-11-05 09:09:29] request.ERROR: Symfony\Component\HttpKernel\Exception\NotFoundHttpException: No route found for "GET /a" (uncaught exception) at /home/evenvi/Zend/workspaces/DefaultWorkspace/Mylib/app/cache/prod/classes.php line 5060 [] []
[2012-11-05 09:38:26] request.ERROR: Symfony\Component\HttpKernel\Exception\NotFoundHttpException: No route found for "GET /a" (uncaught exception) at /home/evenvi/Zend/workspaces/DefaultWorkspace/Mylib/app/cache/prod/classes.php line 5060 [] []
[2012-11-05 09:39:38] request.ERROR: Symfony\Component\HttpKernel\Exception\NotFoundHttpException: No route found for "GET /a" (uncaught exception) at /home/evenvi/Zend/workspaces/DefaultWorkspace/Mylib/app/cache/prod/classes.php line 5060 [] []
[2012-11-05 09:42:21] request.ERROR: Symfony\Component\HttpKernel\Exception\NotFoundHttpException: No route found for "GET /a" (uncaught exception) at /home/evenvi/Zend/workspaces/DefaultWorkspace/Mylib/app/cache/prod/classes.php line 5060 [] []
[2012-11-05 09:48:11] request.ERROR: Symfony\Component\HttpKernel\Exception\NotFoundHttpException: No route found for "GET /a" (uncaught exception) at /home/evenvi/Zend/workspaces/DefaultWorkspace/Mylib/app/cache/prod/classes.php line 5060 [] []
